c:\users\jmacvey\source\repos\dx12\lunaproject\lunaproject\debug\lunaproject.pch
c:\users\jmacvey\source\repos\dx12\lunaproject\lunaproject\debug\vc141.pdb
c:\users\jmacvey\source\repos\dx12\lunaproject\lunaproject\debug\vc141.idb
c:\users\jmacvey\source\repos\dx12\lunaproject\lunaproject\debug\stdafx.obj
c:\users\jmacvey\source\repos\dx12\lunaproject\lunaproject\debug\box.obj
c:\users\jmacvey\source\repos\dx12\lunaproject\lunaproject\debug\boxapp.obj
c:\users\jmacvey\source\repos\dx12\lunaproject\lunaproject\debug\d3dapp.obj
c:\users\jmacvey\source\repos\dx12\lunaproject\lunaproject\debug\d3dutil.obj
c:\users\jmacvey\source\repos\dx12\lunaproject\lunaproject\debug\ddstextureloader.obj
c:\users\jmacvey\source\repos\dx12\lunaproject\lunaproject\debug\gametimer.obj
c:\users\jmacvey\source\repos\dx12\lunaproject\lunaproject\debug\initdirect3d.obj
c:\users\jmacvey\source\repos\dx12\lunaproject\lunaproject\debug\mathhelper.obj
c:\users\jmacvey\source\repos\dx12\lunaproject\debug\lunaproject.exe
c:\users\jmacvey\source\repos\dx12\lunaproject\debug\lunaproject.ilk
c:\users\jmacvey\source\repos\dx12\lunaproject\debug\lunaproject.pdb
c:\users\jmacvey\source\repos\dx12\lunaproject\lunaproject\debug\lunaproject.tlog\cl.command.1.tlog
c:\users\jmacvey\source\repos\dx12\lunaproject\lunaproject\debug\lunaproject.tlog\cl.read.1.tlog
c:\users\jmacvey\source\repos\dx12\lunaproject\lunaproject\debug\lunaproject.tlog\cl.write.1.tlog
c:\users\jmacvey\source\repos\dx12\lunaproject\lunaproject\debug\lunaproject.tlog\link.command.1.tlog
c:\users\jmacvey\source\repos\dx12\lunaproject\lunaproject\debug\lunaproject.tlog\link.read.1.tlog
c:\users\jmacvey\source\repos\dx12\lunaproject\lunaproject\debug\lunaproject.tlog\link.write.1.tlog
