c:\users\jmacvey\source\repos\dx12\lunaproject\lunaproject\arm\debug\lunaproject.pch
c:\users\jmacvey\source\repos\dx12\lunaproject\lunaproject\arm\debug\vc141.pdb
c:\users\jmacvey\source\repos\dx12\lunaproject\lunaproject\arm\debug\vc141.idb
c:\users\jmacvey\source\repos\dx12\lunaproject\lunaproject\arm\debug\stdafx.obj
c:\users\jmacvey\source\repos\dx12\lunaproject\lunaproject\arm\debug\d3dapp.obj
c:\users\jmacvey\source\repos\dx12\lunaproject\lunaproject\arm\debug\d3dutil.obj
c:\users\jmacvey\source\repos\dx12\lunaproject\lunaproject\arm\debug\ddstextureloader.obj
c:\users\jmacvey\source\repos\dx12\lunaproject\lunaproject\arm\debug\frameresource.obj
c:\users\jmacvey\source\repos\dx12\lunaproject\lunaproject\arm\debug\gametimer.obj
c:\users\jmacvey\source\repos\dx12\lunaproject\lunaproject\arm\debug\geometricobject.obj
c:\users\jmacvey\source\repos\dx12\lunaproject\lunaproject\arm\debug\geometrygenerator.obj
c:\users\jmacvey\source\repos\dx12\lunaproject\lunaproject\arm\debug\growingpyramid.obj
c:\users\jmacvey\source\repos\dx12\lunaproject\lunaproject\arm\debug\initdirect3d.obj
c:\users\jmacvey\source\repos\dx12\lunaproject\lunaproject\arm\debug\landandwaves.obj
c:\users\jmacvey\source\repos\dx12\lunaproject\lunaproject\arm\debug\litcolumns.obj
c:\users\jmacvey\source\repos\dx12\lunaproject\lunaproject\arm\debug\litwaves.obj
c:\users\jmacvey\source\repos\dx12\lunaproject\lunaproject\arm\debug\mathhelper.obj
c:\users\jmacvey\source\repos\dx12\lunaproject\lunaproject\arm\debug\pyramid.obj
c:\users\jmacvey\source\repos\dx12\lunaproject\lunaproject\arm\debug\blurappframeresource.obj
c:\users\jmacvey\source\repos\dx12\lunaproject\lunaproject\arm\debug\shapesapp.obj
c:\users\jmacvey\source\repos\dx12\lunaproject\lunaproject\arm\debug\skullgeometry.obj
c:\users\jmacvey\source\repos\dx12\lunaproject\lunaproject\arm\debug\stencilapp.obj
c:\users\jmacvey\source\repos\dx12\lunaproject\lunaproject\arm\debug\subdivider.obj
c:\users\jmacvey\source\repos\dx12\lunaproject\lunaproject\arm\debug\waves.obj
c:\users\jmacvey\source\repos\dx12\lunaproject\lunaproject\arm\debug\blurapp.obj
c:\users\jmacvey\source\repos\dx12\lunaproject\lunaproject\arm\debug\blurdriver.obj
c:\users\jmacvey\source\repos\dx12\lunaproject\lunaproject\arm\debug\blurfilter.obj
c:\users\jmacvey\source\repos\dx12\lunaproject\lunaproject\arm\debug\box.obj
c:\users\jmacvey\source\repos\dx12\lunaproject\lunaproject\arm\debug\boxapp.obj
c:\users\jmacvey\source\repos\dx12\lunaproject\lunaproject\arm\debug\crateapp.obj
c:\users\jmacvey\source\repos\dx12\lunaproject\lunaproject\arm\debug\lunaproject.tlog\cl.command.1.tlog
c:\users\jmacvey\source\repos\dx12\lunaproject\lunaproject\arm\debug\lunaproject.tlog\cl.read.1.tlog
c:\users\jmacvey\source\repos\dx12\lunaproject\lunaproject\arm\debug\lunaproject.tlog\cl.write.1.tlog
c:\users\jmacvey\source\repos\dx12\lunaproject\lunaproject\arm\debug\lunaproject.tlog\link.command.1.tlog
c:\users\jmacvey\source\repos\dx12\lunaproject\lunaproject\arm\debug\lunaproject.tlog\link.read.1.tlog
c:\users\jmacvey\source\repos\dx12\lunaproject\lunaproject\arm\debug\lunaproject.tlog\link.write.1.tlog
