  stdafx.cpp
  Waves.cpp
  Subdivider.cpp
  StencilApp.cpp
c:\users\jmacvey\source\repos\dx12\lunaproject\lunaproject\stencilapp.cpp(282): warning C4267: 'initializing': conversion from 'size_t' to 'UINT', possible loss of data
c:\users\jmacvey\source\repos\dx12\lunaproject\lunaproject\stencilapp.cpp(290): warning C4267: '=': conversion from 'size_t' to 'int', possible loss of data
c:\users\jmacvey\source\repos\dx12\lunaproject\lunaproject\stencilapp.cpp(450): warning C4267: 'argument': conversion from 'size_t' to 'UINT', possible loss of data
  SkullGeometry.cpp
  ShapesApp.cpp
  BlurAppFrameResource.cpp
  Pyramid.cpp
  MathHelper.cpp
  LitWaves.cpp
c:\users\jmacvey\source\repos\dx12\lunaproject\lunaproject\litwaves.cpp(875): warning C4267: '=': conversion from 'size_t' to 'UINT', possible loss of data
c:\users\jmacvey\source\repos\dx12\lunaproject\lunaproject\litwaves.cpp(876): warning C4267: '=': conversion from 'size_t' to 'UINT', possible loss of data
c:\users\jmacvey\source\repos\dx12\lunaproject\lunaproject\litwaves.cpp(1338): warning C4267: 'argument': conversion from 'size_t' to 'UINT', possible loss of data
  LitColumns.cpp
c:\users\jmacvey\source\repos\dx12\lunaproject\lunaproject\litcolumns.cpp(623): warning C4267: 'argument': conversion from 'size_t' to 'UINT', possible loss of data
  LandAndWaves.cpp
  InitDirect3D.cpp
  GrowingPyramid.cpp
  GeometryGenerator.cpp
c:\users\jmacvey\source\repos\dx12\lunaproject\lunaproject\geometrygenerator.cpp(341): warning C4267: 'initializing': conversion from 'size_t' to 'GeometryGenerator::uint32', possible loss of data
c:\users\jmacvey\source\repos\dx12\lunaproject\lunaproject\geometrygenerator.cpp(608): warning C4267: 'initializing': conversion from 'size_t' to 'GeometryGenerator::uint32', possible loss of data
c:\users\jmacvey\source\repos\dx12\lunaproject\lunaproject\geometrygenerator.cpp(608): warning C4267: 'initializing': conversion from 'size_t' to 'const GeometryGenerator::uint32', possible loss of data
c:\users\jmacvey\source\repos\dx12\lunaproject\lunaproject\geometrygenerator.cpp(622): warning C4267: 'initializing': conversion from 'size_t' to 'GeometryGenerator::uint32', possible loss of data
c:\users\jmacvey\source\repos\dx12\lunaproject\lunaproject\geometrygenerator.cpp(622): warning C4267: 'initializing': conversion from 'size_t' to 'const GeometryGenerator::uint32', possible loss of data
c:\users\jmacvey\source\repos\dx12\lunaproject\lunaproject\geometrygenerator.cpp(643): warning C4267: 'initializing': conversion from 'size_t' to 'GeometryGenerator::uint32', possible loss of data
c:\users\jmacvey\source\repos\dx12\lunaproject\lunaproject\geometrygenerator.cpp(643): warning C4267: 'initializing': conversion from 'size_t' to 'const GeometryGenerator::uint32', possible loss of data
c:\users\jmacvey\source\repos\dx12\lunaproject\lunaproject\geometrygenerator.cpp(658): warning C4267: 'initializing': conversion from 'size_t' to 'GeometryGenerator::uint32', possible loss of data
c:\users\jmacvey\source\repos\dx12\lunaproject\lunaproject\geometrygenerator.cpp(658): warning C4267: 'initializing': conversion from 'size_t' to 'const GeometryGenerator::uint32', possible loss of data
  GeometricObject.cpp
c:\users\jmacvey\source\repos\dx12\lunaproject\lunaproject\geometricobject.cpp(58): warning C4267: '=': conversion from 'size_t' to 'UINT', possible loss of data
c:\users\jmacvey\source\repos\dx12\lunaproject\lunaproject\geometricobject.cpp(59): warning C4267: '=': conversion from 'size_t' to 'UINT', possible loss of data
  GameTimer.cpp
  FrameResource.cpp
  DDSTextureLoader.cpp
  d3dUtil.cpp
  D3DApp.cpp
  Generating Code...
  Compiling...
  CrateApp.cpp
c:\users\jmacvey\source\repos\dx12\lunaproject\lunaproject\crateapp.cpp(137): warning C4267: '=': conversion from 'size_t' to 'UINT', possible loss of data
c:\users\jmacvey\source\repos\dx12\lunaproject\lunaproject\crateapp.cpp(138): warning C4267: '=': conversion from 'size_t' to 'UINT', possible loss of data
c:\users\jmacvey\source\repos\dx12\lunaproject\lunaproject\crateapp.cpp(181): warning C4267: '=': conversion from 'size_t' to 'int', possible loss of data
  BoxApp.cpp
c:\users\jmacvey\source\repos\dx12\lunaproject\lunaproject\boxapp.cpp(380): warning C4267: '=': conversion from 'size_t' to 'UINT', possible loss of data
  Box.cpp
  BlurFilter.cpp
  BlurDriver.cpp
  BlurApp.cpp
  Generating Code...
MSVCRTD.lib(exe_main.obj) : error LNK2019: unresolved external symbol main referenced in function "int __cdecl invoke_main(void)" (?invoke_main@@YAHXZ)
C:\Users\jmacvey\source\repos\DX12\LunaProject\x64\Debug\LunaProject.exe : fatal error LNK1120: 1 unresolved externals
