c:\users\jmacvey\source\repos\dx12\lunaproject\lunaproject\x64\debug\lunaproject.pch
c:\users\jmacvey\source\repos\dx12\lunaproject\lunaproject\x64\debug\vc141.pdb
c:\users\jmacvey\source\repos\dx12\lunaproject\lunaproject\x64\debug\vc141.idb
c:\users\jmacvey\source\repos\dx12\lunaproject\lunaproject\x64\debug\stdafx.obj
c:\users\jmacvey\source\repos\dx12\lunaproject\lunaproject\x64\debug\d3dapp.obj
c:\users\jmacvey\source\repos\dx12\lunaproject\lunaproject\x64\debug\d3dutil.obj
c:\users\jmacvey\source\repos\dx12\lunaproject\lunaproject\x64\debug\ddstextureloader.obj
c:\users\jmacvey\source\repos\dx12\lunaproject\lunaproject\x64\debug\frameresource.obj
c:\users\jmacvey\source\repos\dx12\lunaproject\lunaproject\x64\debug\gametimer.obj
c:\users\jmacvey\source\repos\dx12\lunaproject\lunaproject\x64\debug\geometricobject.obj
c:\users\jmacvey\source\repos\dx12\lunaproject\lunaproject\x64\debug\geometrygenerator.obj
c:\users\jmacvey\source\repos\dx12\lunaproject\lunaproject\x64\debug\growingpyramid.obj
c:\users\jmacvey\source\repos\dx12\lunaproject\lunaproject\x64\debug\initdirect3d.obj
c:\users\jmacvey\source\repos\dx12\lunaproject\lunaproject\x64\debug\landandwaves.obj
c:\users\jmacvey\source\repos\dx12\lunaproject\lunaproject\x64\debug\litcolumns.obj
c:\users\jmacvey\source\repos\dx12\lunaproject\lunaproject\x64\debug\litwaves.obj
c:\users\jmacvey\source\repos\dx12\lunaproject\lunaproject\x64\debug\mathhelper.obj
c:\users\jmacvey\source\repos\dx12\lunaproject\lunaproject\x64\debug\pyramid.obj
c:\users\jmacvey\source\repos\dx12\lunaproject\lunaproject\x64\debug\blurappframeresource.obj
c:\users\jmacvey\source\repos\dx12\lunaproject\lunaproject\x64\debug\shapesapp.obj
c:\users\jmacvey\source\repos\dx12\lunaproject\lunaproject\x64\debug\skullgeometry.obj
c:\users\jmacvey\source\repos\dx12\lunaproject\lunaproject\x64\debug\stencilapp.obj
c:\users\jmacvey\source\repos\dx12\lunaproject\lunaproject\x64\debug\subdivider.obj
c:\users\jmacvey\source\repos\dx12\lunaproject\lunaproject\x64\debug\waves.obj
c:\users\jmacvey\source\repos\dx12\lunaproject\lunaproject\x64\debug\blurapp.obj
c:\users\jmacvey\source\repos\dx12\lunaproject\lunaproject\x64\debug\blurdriver.obj
c:\users\jmacvey\source\repos\dx12\lunaproject\lunaproject\x64\debug\blurfilter.obj
c:\users\jmacvey\source\repos\dx12\lunaproject\lunaproject\x64\debug\box.obj
c:\users\jmacvey\source\repos\dx12\lunaproject\lunaproject\x64\debug\boxapp.obj
c:\users\jmacvey\source\repos\dx12\lunaproject\lunaproject\x64\debug\crateapp.obj
c:\users\jmacvey\source\repos\dx12\lunaproject\x64\debug\lunaproject.pdb
c:\users\jmacvey\source\repos\dx12\lunaproject\lunaproject\x64\debug\lunaproject.tlog\cl.command.1.tlog
c:\users\jmacvey\source\repos\dx12\lunaproject\lunaproject\x64\debug\lunaproject.tlog\cl.read.1.tlog
c:\users\jmacvey\source\repos\dx12\lunaproject\lunaproject\x64\debug\lunaproject.tlog\cl.write.1.tlog
c:\users\jmacvey\source\repos\dx12\lunaproject\lunaproject\x64\debug\lunaproject.tlog\link-cvtres.read.1.tlog
c:\users\jmacvey\source\repos\dx12\lunaproject\lunaproject\x64\debug\lunaproject.tlog\link-cvtres.write.1.tlog
c:\users\jmacvey\source\repos\dx12\lunaproject\lunaproject\x64\debug\lunaproject.tlog\link-rc.read.1.tlog
c:\users\jmacvey\source\repos\dx12\lunaproject\lunaproject\x64\debug\lunaproject.tlog\link-rc.write.1.tlog
c:\users\jmacvey\source\repos\dx12\lunaproject\lunaproject\x64\debug\lunaproject.tlog\link.command.1.tlog
c:\users\jmacvey\source\repos\dx12\lunaproject\lunaproject\x64\debug\lunaproject.tlog\link.read.1.tlog
c:\users\jmacvey\source\repos\dx12\lunaproject\lunaproject\x64\debug\lunaproject.tlog\link.write.1.tlog
